<?xml version="1.0" encoding="UTF-8"?>
<coverage generated="1617865867020" clover="4.1.2">
   <project name="cover-badge 1.0-SNAPSHOT" timestamp="1617865851725">
      <metrics coveredelements="6" complexity="64" loc="190" methods="12" classes="3" statements="105" packages="1" coveredconditionals="0" coveredmethods="3" elements="169" ncloc="167" files="3" conditionals="52" coveredstatements="3"/>
      <package name="demo">
         <metrics coveredelements="6" complexity="64" loc="190" methods="12" classes="3" statements="105" coveredconditionals="0" coveredmethods="3" elements="169" ncloc="167" files="3" conditionals="52" coveredstatements="3"/>
         <file path="/Users/fridawallberg/Dropbox/DevOps/demo-clover-badge-setup/src/main/java/demo/Area.java" name="Area.java">
            <metrics coveredelements="6" coveredconditionals="0" complexity="3" loc="19" coveredmethods="3" methods="3" elements="6" classes="1" ncloc="13" statements="3" conditionals="0" coveredstatements="3"/>
            <class name="Area">
               <metrics coveredelements="6" coveredconditionals="0" complexity="3" coveredmethods="3" methods="3" elements="6" statements="3" conditionals="0" coveredstatements="3"/>
            </class>
            <line complexity="1" visibility="public" signature="triangle(double,double) : double" num="7" count="1" type="method"/>
            <line num="8" count="1" type="stmt"/>
            <line complexity="1" visibility="public" signature="rectangle(double,double) : double" num="11" count="1" type="method"/>
            <line num="12" count="1" type="stmt"/>
            <line complexity="1" visibility="public" signature="circle(double) : double" num="15" count="1" type="method"/>
            <line num="16" count="1" type="stmt"/>
         </file>
         <file path="/Users/fridawallberg/Dropbox/DevOps/demo-clover-badge-setup/src/main/java/demo/Circumference.java" name="Circumference.java">
            <metrics coveredelements="0" coveredconditionals="0" complexity="4" loc="23" coveredmethods="0" methods="4" elements="8" classes="1" ncloc="16" statements="4" conditionals="0" coveredstatements="0"/>
            <class name="Circumference">
               <metrics coveredelements="0" coveredconditionals="0" complexity="4" coveredmethods="0" methods="4" elements="8" statements="4" conditionals="0" coveredstatements="0"/>
            </class>
            <line complexity="1" visibility="public" signature="triangle(double,double,double) : double" num="7" count="0" type="method"/>
            <line num="8" count="0" type="stmt"/>
            <line complexity="1" visibility="public" signature="rectangle(double,double) : double" num="11" count="0" type="method"/>
            <line num="12" count="0" type="stmt"/>
            <line complexity="1" visibility="public" signature="square(double) : double" num="15" count="0" type="method"/>
            <line num="16" count="0" type="stmt"/>
            <line complexity="1" visibility="public" signature="circle(double) : double" num="19" count="0" type="method"/>
            <line num="20" count="0" type="stmt"/>
         </file>
         <file path="/Users/fridawallberg/Dropbox/DevOps/demo-clover-badge-setup/src/main/java/demo/Geometry.java" name="Geometry.java">
            <metrics coveredelements="0" coveredconditionals="0" complexity="57" loc="148" coveredmethods="0" methods="5" elements="155" classes="1" ncloc="138" statements="98" conditionals="52" coveredstatements="0"/>
            <class name="Geometry">
               <metrics coveredelements="0" coveredconditionals="0" complexity="57" coveredmethods="0" methods="5" elements="155" statements="98" conditionals="52" coveredstatements="0"/>
            </class>
            <line complexity="5" visibility="public" signature="getType() : String" num="7" count="0" type="method"/>
            <line num="8" count="0" type="stmt"/>
            <line num="9" count="0" type="stmt"/>
            <line num="10" count="0" type="stmt"/>
            <line num="12" count="0" type="stmt"/>
            <line falsecount="0" truecount="0" num="12" type="cond"/>
            <line num="13" count="0" type="stmt"/>
            <line num="14" count="0" type="stmt"/>
            <line num="16" count="0" type="stmt"/>
            <line complexity="19" visibility="public" signature="getFigure(String) : String" num="19" count="0" type="method"/>
            <line num="20" count="0" type="stmt"/>
            <line num="21" count="0" type="stmt"/>
            <line num="23" count="0" type="stmt"/>
            <line falsecount="0" truecount="0" num="23" type="cond"/>
            <line num="24" count="0" type="stmt"/>
            <line num="25" count="0" type="stmt"/>
            <line num="26" count="0" type="stmt"/>
            <line falsecount="0" truecount="0" num="26" type="cond"/>
            <line num="27" count="0" type="stmt"/>
            <line num="28" count="0" type="stmt"/>
            <line num="31" count="0" type="stmt"/>
            <line falsecount="0" truecount="0" num="31" type="cond"/>
            <line num="32" count="0" type="stmt"/>
            <line num="33" count="0" type="stmt"/>
            <line num="34" count="0" type="stmt"/>
            <line falsecount="0" truecount="0" num="34" type="cond"/>
            <line num="35" count="0" type="stmt"/>
            <line num="36" count="0" type="stmt"/>
            <line num="39" count="0" type="stmt"/>
            <line complexity="12" visibility="public" signature="calculateArea(String) : double" num="42" count="0" type="method"/>
            <line num="43" count="0" type="stmt"/>
            <line num="44" count="0" type="stmt"/>
            <line num="46" count="0" type="stmt"/>
            <line falsecount="0" truecount="0" num="46" type="cond"/>
            <line num="47" count="0" type="stmt"/>
            <line num="48" count="0" type="stmt"/>
            <line num="49" count="0" type="stmt"/>
            <line falsecount="0" truecount="0" num="49" type="cond"/>
            <line num="50" count="0" type="stmt"/>
            <line num="52" count="0" type="stmt"/>
            <line num="53" count="0" type="stmt"/>
            <line num="54" count="0" type="stmt"/>
            <line falsecount="0" truecount="0" num="54" type="cond"/>
            <line num="55" count="0" type="stmt"/>
            <line num="57" count="0" type="stmt"/>
            <line num="59" count="0" type="stmt"/>
            <line falsecount="0" truecount="0" num="59" type="cond"/>
            <line num="60" count="0" type="stmt"/>
            <line num="61" count="0" type="stmt"/>
            <line num="62" count="0" type="stmt"/>
            <line falsecount="0" truecount="0" num="62" type="cond"/>
            <line num="63" count="0" type="stmt"/>
            <line num="65" count="0" type="stmt"/>
            <line num="66" count="0" type="stmt"/>
            <line num="67" count="0" type="stmt"/>
            <line falsecount="0" truecount="0" num="67" type="cond"/>
            <line num="68" count="0" type="stmt"/>
            <line num="70" count="0" type="stmt"/>
            <line num="72" count="0" type="stmt"/>
            <line falsecount="0" truecount="0" num="72" type="cond"/>
            <line num="73" count="0" type="stmt"/>
            <line num="74" count="0" type="stmt"/>
            <line num="75" count="0" type="stmt"/>
            <line falsecount="0" truecount="0" num="75" type="cond"/>
            <line num="76" count="0" type="stmt"/>
            <line num="78" count="0" type="stmt"/>
            <line num="80" count="0" type="stmt"/>
            <line complexity="16" visibility="public" signature="calculateCircumference(String) : double" num="83" count="0" type="method"/>
            <line num="84" count="0" type="stmt"/>
            <line num="85" count="0" type="stmt"/>
            <line num="86" count="0" type="stmt"/>
            <line falsecount="0" truecount="0" num="86" type="cond"/>
            <line num="87" count="0" type="stmt"/>
            <line num="88" count="0" type="stmt"/>
            <line num="89" count="0" type="stmt"/>
            <line falsecount="0" truecount="0" num="89" type="cond"/>
            <line num="90" count="0" type="stmt"/>
            <line num="92" count="0" type="stmt"/>
            <line num="93" count="0" type="stmt"/>
            <line num="94" count="0" type="stmt"/>
            <line falsecount="0" truecount="0" num="94" type="cond"/>
            <line num="95" count="0" type="stmt"/>
            <line num="97" count="0" type="stmt"/>
            <line num="98" count="0" type="stmt"/>
            <line num="99" count="0" type="stmt"/>
            <line falsecount="0" truecount="0" num="99" type="cond"/>
            <line num="100" count="0" type="stmt"/>
            <line num="102" count="0" type="stmt"/>
            <line num="104" count="0" type="stmt"/>
            <line falsecount="0" truecount="0" num="104" type="cond"/>
            <line num="105" count="0" type="stmt"/>
            <line num="106" count="0" type="stmt"/>
            <line num="107" count="0" type="stmt"/>
            <line falsecount="0" truecount="0" num="107" type="cond"/>
            <line num="108" count="0" type="stmt"/>
            <line num="110" count="0" type="stmt"/>
            <line num="111" count="0" type="stmt"/>
            <line num="112" count="0" type="stmt"/>
            <line falsecount="0" truecount="0" num="112" type="cond"/>
            <line num="113" count="0" type="stmt"/>
            <line num="115" count="0" type="stmt"/>
            <line num="117" count="0" type="stmt"/>
            <line falsecount="0" truecount="0" num="117" type="cond"/>
            <line num="118" count="0" type="stmt"/>
            <line num="119" count="0" type="stmt"/>
            <line num="120" count="0" type="stmt"/>
            <line falsecount="0" truecount="0" num="120" type="cond"/>
            <line num="121" count="0" type="stmt"/>
            <line num="123" count="0" type="stmt"/>
            <line num="125" count="0" type="stmt"/>
            <line falsecount="0" truecount="0" num="125" type="cond"/>
            <line num="126" count="0" type="stmt"/>
            <line num="127" count="0" type="stmt"/>
            <line num="128" count="0" type="stmt"/>
            <line falsecount="0" truecount="0" num="128" type="cond"/>
            <line num="129" count="0" type="stmt"/>
            <line num="131" count="0" type="stmt"/>
            <line num="133" count="0" type="stmt"/>
            <line complexity="5" visibility="public" signature="main(String[]) : void" num="136" count="0" type="method"/>
            <line num="137" count="0" type="stmt"/>
            <line num="138" count="0" type="stmt"/>
            <line num="139" count="0" type="stmt"/>
            <line num="140" count="0" type="stmt"/>
            <line falsecount="0" truecount="0" num="140" type="cond"/>
            <line num="141" count="0" type="stmt"/>
            <line num="143" count="0" type="stmt"/>
            <line falsecount="0" truecount="0" num="143" type="cond"/>
            <line num="144" count="0" type="stmt"/>
            <line num="146" count="0" type="stmt"/>
         </file>
      </package>
   </project>
   <testproject name="cover-badge 1.0-SNAPSHOT" timestamp="1617865851725">
      <metrics coveredelements="17" complexity="3" loc="35" methods="3" classes="1" statements="14" packages="1" coveredconditionals="0" coveredmethods="3" elements="17" ncloc="29" files="1" conditionals="0" coveredstatements="14"/>
      <package name="demo">
         <metrics coveredelements="17" complexity="3" loc="35" methods="3" classes="1" statements="14" coveredconditionals="0" coveredmethods="3" elements="17" ncloc="29" files="1" conditionals="0" coveredstatements="14"/>
         <file path="/Users/fridawallberg/Dropbox/DevOps/demo-clover-badge-setup/src/test/java/demo/AreaTests.java" name="AreaTests.java">
            <metrics coveredelements="17" coveredconditionals="0" complexity="3" loc="35" coveredmethods="3" methods="3" elements="17" classes="1" ncloc="29" statements="14" conditionals="0" coveredstatements="14"/>
            <class name="AreaTests">
               <metrics coveredelements="17" complexity="3" methods="3" testruns="3" statements="14" coveredconditionals="0" coveredmethods="3" elements="17" testfailures="0" testduration="0.017" conditionals="0" coveredstatements="14" testpasses="3"/>
            </class>
            <line complexity="1" visibility="public" signature="checkTriangleAreaCalculatedCorrectly() : void" num="9" testsuccess="true" count="1" testduration="0.0" type="method"/>
            <line num="11" count="1" type="stmt"/>
            <line num="12" count="1" type="stmt"/>
            <line num="13" count="1" type="stmt"/>
            <line num="14" count="1" type="stmt"/>
            <line num="15" count="1" type="stmt"/>
            <line complexity="1" visibility="public" signature="checkCircleAreaCalculatedCorrectly() : void" num="18" testsuccess="true" count="1" testduration="0.0" type="method"/>
            <line num="20" count="1" type="stmt"/>
            <line num="21" count="1" type="stmt"/>
            <line num="22" count="1" type="stmt"/>
            <line num="23" count="1" type="stmt"/>
            <line complexity="1" visibility="public" signature="checkRectangleAreaCalculatedCorrectly() : void" num="26" testsuccess="true" count="1" testduration="0.017" type="method"/>
            <line num="28" count="1" type="stmt"/>
            <line num="29" count="1" type="stmt"/>
            <line num="30" count="1" type="stmt"/>
            <line num="31" count="1" type="stmt"/>
            <line num="32" count="1" type="stmt"/>
         </file>
      </package>
   </testproject>
</coverage>